Analysis & Synthesis report for cpu
Wed Jun 02 03:53:13 2021
Quartus II 64-Bit Version 14.1.0 Build 186 12/03/2014 SJ Web Edition


---------------------
; Table of Contents ;
---------------------
  1. Legal Notice
  2. Analysis & Synthesis Summary
  3. Analysis & Synthesis Settings
  4. Parallel Compilation
  5. Analysis & Synthesis Source Files Read
  6. Analysis & Synthesis Resource Usage Summary
  7. Analysis & Synthesis Resource Utilization by Entity
  8. General Register Statistics
  9. Parameter Settings for User Entity Instance: alu:a1
 10. Port Connectivity Checks: "psr:s1"
 11. Port Connectivity Checks: "alu:a1"
 12. Port Connectivity Checks: "register:r1"
 13. Port Connectivity Checks: "ir:i1"
 14. Port Connectivity Checks: "memory:m1"
 15. Port Connectivity Checks: "pc:p1"
 16. Port Connectivity Checks: "control:c1"
 17. Post-Synthesis Netlist Statistics for Top Partition
 18. Elapsed Time Per Partition
 19. Analysis & Synthesis Messages



----------------
; Legal Notice ;
----------------
Copyright (C) 1991-2014 Altera Corporation. All rights reserved.
Your use of Altera Corporation's design tools, logic functions 
and other software and tools, and its AMPP partner logic 
functions, and any output files from any of the foregoing 
(including device programming or simulation files), and any 
associated documentation or information are expressly subject 
to the terms and conditions of the Altera Program License 
Subscription Agreement, the Altera Quartus II License Agreement,
the Altera MegaCore Function License Agreement, or other 
applicable license agreement, including, without limitation, 
that your use is for the sole purpose of programming logic 
devices manufactured by Altera and sold by Altera or its 
authorized distributors.  Please refer to the applicable 
agreement for further details.



+------------------------------------------------------------------------------+
; Analysis & Synthesis Summary                                                 ;
+---------------------------------+--------------------------------------------+
; Analysis & Synthesis Status     ; Successful - Wed Jun 02 03:53:13 2021      ;
; Quartus II 64-Bit Version       ; 14.1.0 Build 186 12/03/2014 SJ Web Edition ;
; Revision Name                   ; cpu                                        ;
; Top-level Entity Name           ; cpu                                        ;
; Family                          ; Cyclone V                                  ;
; Logic utilization (in ALMs)     ; N/A                                        ;
; Total registers                 ; 0                                          ;
; Total pins                      ; 2                                          ;
; Total virtual pins              ; 0                                          ;
; Total block memory bits         ; 0                                          ;
; Total DSP Blocks                ; 0                                          ;
; Total HSSI RX PCSs              ; 0                                          ;
; Total HSSI PMA RX Deserializers ; 0                                          ;
; Total HSSI TX PCSs              ; 0                                          ;
; Total HSSI PMA TX Serializers   ; 0                                          ;
; Total PLLs                      ; 0                                          ;
; Total DLLs                      ; 0                                          ;
+---------------------------------+--------------------------------------------+


+---------------------------------------------------------------------------------------------------------------------------+
; Analysis & Synthesis Settings                                                                                             ;
+---------------------------------------------------------------------------------+--------------------+--------------------+
; Option                                                                          ; Setting            ; Default Value      ;
+---------------------------------------------------------------------------------+--------------------+--------------------+
; Device                                                                          ; 5CGXFC7C7F23C8     ;                    ;
; Top-level entity name                                                           ; cpu                ; cpu                ;
; Family name                                                                     ; Cyclone V          ; Cyclone IV GX      ;
; Use smart compilation                                                           ; Off                ; Off                ;
; Enable parallel Assembler and TimeQuest Timing Analyzer during compilation      ; On                 ; On                 ;
; Enable compact report table                                                     ; Off                ; Off                ;
; Restructure Multiplexers                                                        ; Auto               ; Auto               ;
; MLAB Add Timing Constraints For Mixed-Port Feed-Through Mode Setting Don't Care ; Off                ; Off                ;
; Create Debugging Nodes for IP Cores                                             ; Off                ; Off                ;
; Preserve fewer node names                                                       ; On                 ; On                 ;
; Disable OpenCore Plus hardware evaluation                                       ; Off                ; Off                ;
; Verilog Version                                                                 ; Verilog_2001       ; Verilog_2001       ;
; VHDL Version                                                                    ; VHDL_1993          ; VHDL_1993          ;
; State Machine Processing                                                        ; Auto               ; Auto               ;
; Safe State Machine                                                              ; Off                ; Off                ;
; Extract Verilog State Machines                                                  ; On                 ; On                 ;
; Extract VHDL State Machines                                                     ; On                 ; On                 ;
; Ignore Verilog initial constructs                                               ; Off                ; Off                ;
; Iteration limit for constant Verilog loops                                      ; 5000               ; 5000               ;
; Iteration limit for non-constant Verilog loops                                  ; 250                ; 250                ;
; Add Pass-Through Logic to Inferred RAMs                                         ; On                 ; On                 ;
; Infer RAMs from Raw Logic                                                       ; On                 ; On                 ;
; Parallel Synthesis                                                              ; On                 ; On                 ;
; DSP Block Balancing                                                             ; Auto               ; Auto               ;
; NOT Gate Push-Back                                                              ; On                 ; On                 ;
; Power-Up Don't Care                                                             ; On                 ; On                 ;
; Remove Redundant Logic Cells                                                    ; Off                ; Off                ;
; Remove Duplicate Registers                                                      ; On                 ; On                 ;
; Ignore CARRY Buffers                                                            ; Off                ; Off                ;
; Ignore CASCADE Buffers                                                          ; Off                ; Off                ;
; Ignore GLOBAL Buffers                                                           ; Off                ; Off                ;
; Ignore ROW GLOBAL Buffers                                                       ; Off                ; Off                ;
; Ignore LCELL Buffers                                                            ; Off                ; Off                ;
; Ignore SOFT Buffers                                                             ; On                 ; On                 ;
; Limit AHDL Integers to 32 Bits                                                  ; Off                ; Off                ;
; Optimization Technique                                                          ; Balanced           ; Balanced           ;
; Carry Chain Length                                                              ; 70                 ; 70                 ;
; Auto Carry Chains                                                               ; On                 ; On                 ;
; Auto Open-Drain Pins                                                            ; On                 ; On                 ;
; Perform WYSIWYG Primitive Resynthesis                                           ; Off                ; Off                ;
; Auto ROM Replacement                                                            ; On                 ; On                 ;
; Auto RAM Replacement                                                            ; On                 ; On                 ;
; Auto DSP Block Replacement                                                      ; On                 ; On                 ;
; Auto Shift Register Replacement                                                 ; Auto               ; Auto               ;
; Allow Shift Register Merging across Hierarchies                                 ; Auto               ; Auto               ;
; Auto Clock Enable Replacement                                                   ; On                 ; On                 ;
; Strict RAM Replacement                                                          ; Off                ; Off                ;
; Allow Synchronous Control Signals                                               ; On                 ; On                 ;
; Force Use of Synchronous Clear Signals                                          ; Off                ; Off                ;
; Auto Resource Sharing                                                           ; Off                ; Off                ;
; Allow Any RAM Size For Recognition                                              ; Off                ; Off                ;
; Allow Any ROM Size For Recognition                                              ; Off                ; Off                ;
; Allow Any Shift Register Size For Recognition                                   ; Off                ; Off                ;
; Use LogicLock Constraints during Resource Balancing                             ; On                 ; On                 ;
; Ignore translate_off and synthesis_off directives                               ; Off                ; Off                ;
; Timing-Driven Synthesis                                                         ; On                 ; On                 ;
; Report Parameter Settings                                                       ; On                 ; On                 ;
; Report Source Assignments                                                       ; On                 ; On                 ;
; Report Connectivity Checks                                                      ; On                 ; On                 ;
; Ignore Maximum Fan-Out Assignments                                              ; Off                ; Off                ;
; Synchronization Register Chain Length                                           ; 3                  ; 3                  ;
; PowerPlay Power Optimization During Synthesis                                   ; Normal compilation ; Normal compilation ;
; HDL message level                                                               ; Level2             ; Level2             ;
; Suppress Register Optimization Related Messages                                 ; Off                ; Off                ;
; Number of Removed Registers Reported in Synthesis Report                        ; 5000               ; 5000               ;
; Number of Swept Nodes Reported in Synthesis Report                              ; 5000               ; 5000               ;
; Number of Inverted Registers Reported in Synthesis Report                       ; 100                ; 100                ;
; Clock MUX Protection                                                            ; On                 ; On                 ;
; Auto Gated Clock Conversion                                                     ; Off                ; Off                ;
; Block Design Naming                                                             ; Auto               ; Auto               ;
; SDC constraint protection                                                       ; Off                ; Off                ;
; Synthesis Effort                                                                ; Auto               ; Auto               ;
; Shift Register Replacement - Allow Asynchronous Clear Signal                    ; On                 ; On                 ;
; Pre-Mapping Resynthesis Optimization                                            ; Off                ; Off                ;
; Analysis & Synthesis Message Level                                              ; Medium             ; Medium             ;
; Disable Register Merging Across Hierarchies                                     ; Auto               ; Auto               ;
; Resource Aware Inference For Block RAM                                          ; On                 ; On                 ;
; Synthesis Seed                                                                  ; 1                  ; 1                  ;
; Automatic Parallel Synthesis                                                    ; On                 ; On                 ;
; Partial Reconfiguration Bitstream ID                                            ; Off                ; Off                ;
+---------------------------------------------------------------------------------+--------------------+--------------------+


+------------------------------------------+
; Parallel Compilation                     ;
+----------------------------+-------------+
; Processors                 ; Number      ;
+----------------------------+-------------+
; Number detected on machine ; 8           ;
; Maximum allowed            ; 4           ;
;                            ;             ;
; Average used               ; 1.00        ;
; Maximum used               ; 1           ;
;                            ;             ;
; Usage by Processor         ; % Time Used ;
;     Processor 1            ; 100.0%      ;
;     Processors 2-8         ;   0.0%      ;
+----------------------------+-------------+


+------------------------------------------------------------------------------------------------------------------------------+
; Analysis & Synthesis Source Files Read                                                                                       ;
+----------------------------------+-----------------+------------------------+--------------------------------------+---------+
; File Name with User-Entered Path ; Used in Netlist ; File Type              ; File Name with Absolute Path         ; Library ;
+----------------------------------+-----------------+------------------------+--------------------------------------+---------+
; alu.v                            ; yes             ; User Verilog HDL File  ; C:/Users/Mary/Desktop/cpu/alu.v      ;         ;
; control.v                        ; yes             ; User Verilog HDL File  ; C:/Users/Mary/Desktop/cpu/control.v  ;         ;
; ir.v                             ; yes             ; User Verilog HDL File  ; C:/Users/Mary/Desktop/cpu/ir.v       ;         ;
; memory.v                         ; yes             ; User Verilog HDL File  ; C:/Users/Mary/Desktop/cpu/memory.v   ;         ;
; pc.v                             ; yes             ; User Verilog HDL File  ; C:/Users/Mary/Desktop/cpu/pc.v       ;         ;
; psr.v                            ; yes             ; User Verilog HDL File  ; C:/Users/Mary/Desktop/cpu/psr.v      ;         ;
; register.v                       ; yes             ; User Verilog HDL File  ; C:/Users/Mary/Desktop/cpu/register.v ;         ;
; cpu.v                            ; yes             ; User Verilog HDL File  ; C:/Users/Mary/Desktop/cpu/cpu.v      ;         ;
+----------------------------------+-----------------+------------------------+--------------------------------------+---------+


+-----------------------------------------------------+
; Analysis & Synthesis Resource Usage Summary         ;
+---------------------------------------------+-------+
; Resource                                    ; Usage ;
+---------------------------------------------+-------+
; Estimate of Logic utilization (ALMs needed) ; 0     ;
;                                             ;       ;
; Combinational ALUT usage for logic          ; 0     ;
;     -- 7 input functions                    ; 0     ;
;     -- 6 input functions                    ; 0     ;
;     -- 5 input functions                    ; 0     ;
;     -- 4 input functions                    ; 0     ;
;     -- <=3 input functions                  ; 0     ;
;                                             ;       ;
; Dedicated logic registers                   ; 0     ;
;                                             ;       ;
; I/O pins                                    ; 2     ;
;                                             ;       ;
; Total DSP Blocks                            ; 0     ;
;                                             ;       ;
; Maximum fan-out node                        ; clock ;
; Maximum fan-out                             ; 1     ;
; Total fan-out                               ; 2     ;
; Average fan-out                             ; 0.50  ;
+---------------------------------------------+-------+


+-----------------------------------------------------------------------------------------------------------------------------------------------------------+
; Analysis & Synthesis Resource Utilization by Entity                                                                                                       ;
+----------------------------+-------------------+--------------+-------------------+------------+------+--------------+---------------------+--------------+
; Compilation Hierarchy Node ; LC Combinationals ; LC Registers ; Block Memory Bits ; DSP Blocks ; Pins ; Virtual Pins ; Full Hierarchy Name ; Library Name ;
+----------------------------+-------------------+--------------+-------------------+------------+------+--------------+---------------------+--------------+
; |cpu                       ; 0 (0)             ; 0 (0)        ; 0                 ; 0          ; 2    ; 0            ; |cpu                ; work         ;
+----------------------------+-------------------+--------------+-------------------+------------+------+--------------+---------------------+--------------+
Note: For table entries with two numbers listed, the numbers in parentheses indicate the number of resources of the given type used by the specific entity alone. The numbers listed outside of parentheses indicate the total resources of the given type used by the specific entity and all of its sub-entities in the hierarchy.


+------------------------------------------------------+
; General Register Statistics                          ;
+----------------------------------------------+-------+
; Statistic                                    ; Value ;
+----------------------------------------------+-------+
; Total registers                              ; 0     ;
; Number of registers using Synchronous Clear  ; 0     ;
; Number of registers using Synchronous Load   ; 0     ;
; Number of registers using Asynchronous Clear ; 0     ;
; Number of registers using Asynchronous Load  ; 0     ;
; Number of registers using Clock Enable       ; 0     ;
; Number of registers using Preset             ; 0     ;
+----------------------------------------------+-------+


+-----------------------------------------------------+
; Parameter Settings for User Entity Instance: alu:a1 ;
+----------------+-------+----------------------------+
; Parameter Name ; Value ; Type                       ;
+----------------+-------+----------------------------+
; bits           ; 32    ; Signed Integer             ;
; ops            ; 4     ; Signed Integer             ;
; bra            ; 0001  ; Unsigned Binary            ;
; ld             ; 0010  ; Unsigned Binary            ;
; add            ; 0100  ; Unsigned Binary            ;
; mul            ; 0101  ; Unsigned Binary            ;
; cmp            ; 0110  ; Unsigned Binary            ;
; shl            ; 0111  ; Unsigned Binary            ;
; rol            ; 1000  ; Unsigned Binary            ;
+----------------+-------+----------------------------+
Note: In order to hide this table in the UI and the text report file, please set the "Show Parameter Settings in Synthesis Report" option in "Analysis and Synthesis Settings -> More Settings" to "Off".


+--------------------------------------------------------------------------------------------------------------------------------------------------------------------------------------+
; Port Connectivity Checks: "psr:s1"                                                                                                                                                   ;
+-------------+--------+----------+----------------------------------------------------------------------------------------------------------------------------------------------------+
; Port        ; Type   ; Severity ; Details                                                                                                                                            ;
+-------------+--------+----------+----------------------------------------------------------------------------------------------------------------------------------------------------+
; psr_dataout ; Output ; Warning  ; Output or bidir port (5 bits) is wider than the port expression (1 bits) it drives; bit(s) "psr_dataout[4..1]" have no fanouts                     ;
; psr_dataout ; Output ; Info     ; Connected to dangling logic. Logic that only feeds a dangling port will be removed.                                                                ;
; psr_datain  ; Input  ; Warning  ; Input port expression (1 bits) is smaller than the input port (5 bits) it drives.  Extra input bit(s) "psr_datain[4..1]" will be connected to GND. ;
+-------------+--------+----------+----------------------------------------------------------------------------------------------------------------------------------------------------+


+-----------------------------------------------------------------------------------------------------------------------------------------------------------------------------------+
; Port Connectivity Checks: "alu:a1"                                                                                                                                                ;
+----------+--------+----------+----------------------------------------------------------------------------------------------------------------------------------------------------+
; Port     ; Type   ; Severity ; Details                                                                                                                                            ;
+----------+--------+----------+----------------------------------------------------------------------------------------------------------------------------------------------------+
; alu_src1 ; Input  ; Warning  ; Input port expression (1 bits) is smaller than the input port (32 bits) it drives.  Extra input bit(s) "alu_src1[31..1]" will be connected to GND. ;
; alu_src2 ; Input  ; Warning  ; Input port expression (1 bits) is smaller than the input port (32 bits) it drives.  Extra input bit(s) "alu_src2[31..1]" will be connected to GND. ;
; op       ; Input  ; Warning  ; Input port expression (1 bits) is smaller than the input port (4 bits) it drives.  Extra input bit(s) "op[3..1]" will be connected to GND.         ;
; out      ; Output ; Warning  ; Output or bidir port (33 bits) is wider than the port expression (1 bits) it drives; bit(s) "out[32..1]" have no fanouts                           ;
+----------+--------+----------+----------------------------------------------------------------------------------------------------------------------------------------------------+


+--------------------------------------------------------------------------------------------------------------------------------------------------------------------------+
; Port Connectivity Checks: "register:r1"                                                                                                                                  ;
+------+--------+----------+-----------------------------------------------------------------------------------------------------------------------------------------------+
; Port ; Type   ; Severity ; Details                                                                                                                                       ;
+------+--------+----------+-----------------------------------------------------------------------------------------------------------------------------------------------+
; ra1  ; Input  ; Warning  ; Input port expression (1 bits) is smaller than the input port (12 bits) it drives.  Extra input bit(s) "ra1[11..1]" will be connected to GND. ;
; rd1  ; Output ; Warning  ; Output or bidir port (32 bits) is wider than the port expression (1 bits) it drives; bit(s) "rd1[31..1]" have no fanouts                      ;
; ra2  ; Input  ; Warning  ; Input port expression (1 bits) is smaller than the input port (12 bits) it drives.  Extra input bit(s) "ra2[11..1]" will be connected to GND. ;
; rd2  ; Output ; Warning  ; Output or bidir port (32 bits) is wider than the port expression (1 bits) it drives; bit(s) "rd2[31..1]" have no fanouts                      ;
; aw   ; Input  ; Warning  ; Input port expression (1 bits) is smaller than the input port (12 bits) it drives.  Extra input bit(s) "aw[11..1]" will be connected to GND.  ;
; dw   ; Input  ; Warning  ; Input port expression (1 bits) is smaller than the input port (32 bits) it drives.  Extra input bit(s) "dw[31..1]" will be connected to GND.  ;
+------+--------+----------+-----------------------------------------------------------------------------------------------------------------------------------------------+


+-------------------------------------------------------------------------------------------------------------------------------------------------------------------------------------+
; Port Connectivity Checks: "ir:i1"                                                                                                                                                   ;
+-----------+--------+----------+-----------------------------------------------------------------------------------------------------------------------------------------------------+
; Port      ; Type   ; Severity ; Details                                                                                                                                             ;
+-----------+--------+----------+-----------------------------------------------------------------------------------------------------------------------------------------------------+
; ir_datain ; Input  ; Warning  ; Input port expression (1 bits) is smaller than the input port (32 bits) it drives.  Extra input bit(s) "ir_datain[31..1]" will be connected to GND. ;
; op        ; Output ; Warning  ; Output or bidir port (4 bits) is wider than the port expression (1 bits) it drives; bit(s) "op[3..1]" have no fanouts                               ;
; cc        ; Output ; Warning  ; Output or bidir port (4 bits) is wider than the port expression (1 bits) it drives; bit(s) "cc[3..1]" have no fanouts                               ;
; s_a       ; Output ; Warning  ; Output or bidir port (12 bits) is wider than the port expression (1 bits) it drives; bit(s) "s_a[11..1]" have no fanouts                            ;
; de_a      ; Output ; Warning  ; Output or bidir port (12 bits) is wider than the port expression (1 bits) it drives; bit(s) "de_a[11..1]" have no fanouts                           ;
+-----------+--------+----------+-----------------------------------------------------------------------------------------------------------------------------------------------------+


+------------------------------------------------------------------------------------------------------------------------------------------------------------------------------+
; Port Connectivity Checks: "memory:m1"                                                                                                                                        ;
+--------+-------+----------+--------------------------------------------------------------------------------------------------------------------------------------------------+
; Port   ; Type  ; Severity ; Details                                                                                                                                          ;
+--------+-------+----------+--------------------------------------------------------------------------------------------------------------------------------------------------+
; m_addr ; Input ; Warning  ; Input port expression (1 bits) is smaller than the input port (12 bits) it drives.  Extra input bit(s) "m_addr[11..1]" will be connected to GND. ;
; m_data ; Bidir ; Warning  ; Output or bidir port (32 bits) is wider than the port expression (1 bits) it drives; bit(s) "m_data[31..1]" have no fanouts                      ;
+--------+-------+----------+--------------------------------------------------------------------------------------------------------------------------------------------------+


+--------------------------------------------------------------------------------------------------------------------------------------------------------------------------------------+
; Port Connectivity Checks: "pc:p1"                                                                                                                                                    ;
+------------+--------+----------+-----------------------------------------------------------------------------------------------------------------------------------------------------+
; Port       ; Type   ; Severity ; Details                                                                                                                                             ;
+------------+--------+----------+-----------------------------------------------------------------------------------------------------------------------------------------------------+
; pc_datain  ; Input  ; Warning  ; Input port expression (1 bits) is smaller than the input port (12 bits) it drives.  Extra input bit(s) "pc_datain[11..1]" will be connected to GND. ;
; pc_dataout ; Output ; Warning  ; Output or bidir port (12 bits) is wider than the port expression (1 bits) it drives; bit(s) "pc_dataout[11..1]" have no fanouts                     ;
+------------+--------+----------+-----------------------------------------------------------------------------------------------------------------------------------------------------+


+-----------------------------------------------------------------------------------------------------------------------------------------------------------------------------------------+
; Port Connectivity Checks: "control:c1"                                                                                                                                                  ;
+--------------+--------+----------+------------------------------------------------------------------------------------------------------------------------------------------------------+
; Port         ; Type   ; Severity ; Details                                                                                                                                              ;
+--------------+--------+----------+------------------------------------------------------------------------------------------------------------------------------------------------------+
; pc_dataout   ; Input  ; Warning  ; Input port expression (1 bits) is smaller than the input port (12 bits) it drives.  Extra input bit(s) "pc_dataout[11..1]" will be connected to GND. ;
; op           ; Input  ; Warning  ; Input port expression (1 bits) is smaller than the input port (4 bits) it drives.  Extra input bit(s) "op[3..1]" will be connected to GND.           ;
; cc           ; Input  ; Warning  ; Input port expression (1 bits) is smaller than the input port (4 bits) it drives.  Extra input bit(s) "cc[3..1]" will be connected to GND.           ;
; s_a          ; Input  ; Warning  ; Input port expression (1 bits) is smaller than the input port (12 bits) it drives.  Extra input bit(s) "s_a[11..1]" will be connected to GND.        ;
; de_a         ; Input  ; Warning  ; Input port expression (1 bits) is smaller than the input port (12 bits) it drives.  Extra input bit(s) "de_a[11..1]" will be connected to GND.       ;
; rf_data1     ; Input  ; Warning  ; Input port expression (1 bits) is smaller than the input port (32 bits) it drives.  Extra input bit(s) "rf_data1[31..1]" will be connected to GND.   ;
; rf_data2     ; Input  ; Warning  ; Input port expression (1 bits) is smaller than the input port (32 bits) it drives.  Extra input bit(s) "rf_data2[31..1]" will be connected to GND.   ;
; alu_result   ; Input  ; Warning  ; Input port expression (1 bits) is smaller than the input port (33 bits) it drives.  Extra input bit(s) "alu_result[32..1]" will be connected to GND. ;
; m_data       ; Bidir  ; Warning  ; Output or bidir port (32 bits) is wider than the port expression (1 bits) it drives; bit(s) "m_data[31..1]" have no fanouts                          ;
; pc_datain    ; Output ; Warning  ; Output or bidir port (12 bits) is wider than the port expression (1 bits) it drives; bit(s) "pc_datain[11..1]" have no fanouts                       ;
; ir_datain    ; Output ; Warning  ; Output or bidir port (12 bits) is wider than the port expression (1 bits) it drives; bit(s) "ir_datain[11..1]" have no fanouts                       ;
; rf_dataw     ; Output ; Warning  ; Output or bidir port (32 bits) is wider than the port expression (1 bits) it drives; bit(s) "rf_dataw[31..1]" have no fanouts                        ;
; rf_addrw     ; Output ; Warning  ; Output or bidir port (12 bits) is wider than the port expression (1 bits) it drives; bit(s) "rf_addrw[11..1]" have no fanouts                        ;
; rf_addr1     ; Output ; Warning  ; Output or bidir port (12 bits) is wider than the port expression (1 bits) it drives; bit(s) "rf_addr1[11..1]" have no fanouts                        ;
; rf_addr2     ; Output ; Warning  ; Output or bidir port (12 bits) is wider than the port expression (1 bits) it drives; bit(s) "rf_addr2[11..1]" have no fanouts                        ;
; alu_src1     ; Output ; Warning  ; Output or bidir port (32 bits) is wider than the port expression (1 bits) it drives; bit(s) "alu_src1[31..1]" have no fanouts                        ;
; alu_src2     ; Output ; Warning  ; Output or bidir port (32 bits) is wider than the port expression (1 bits) it drives; bit(s) "alu_src2[31..1]" have no fanouts                        ;
; alu_function ; Output ; Warning  ; Output or bidir port (4 bits) is wider than the port expression (1 bits) it drives; bit(s) "alu_function[3..1]" have no fanouts                      ;
; psr_datain   ; Output ; Warning  ; Output or bidir port (5 bits) is wider than the port expression (1 bits) it drives; bit(s) "psr_datain[4..1]" have no fanouts                        ;
; m_addr       ; Output ; Warning  ; Output or bidir port (12 bits) is wider than the port expression (1 bits) it drives; bit(s) "m_addr[11..1]" have no fanouts                          ;
+--------------+--------+----------+------------------------------------------------------------------------------------------------------------------------------------------------------+


+-----------------------------------------------------+
; Post-Synthesis Netlist Statistics for Top Partition ;
+-------------------+---------------------------------+
; Type              ; Count                           ;
+-------------------+---------------------------------+
; boundary_port     ; 2                               ;
;                   ;                                 ;
; Max LUT depth     ; 0.00                            ;
; Average LUT depth ; 0.00                            ;
+-------------------+---------------------------------+


+-------------------------------+
; Elapsed Time Per Partition    ;
+----------------+--------------+
; Partition Name ; Elapsed Time ;
+----------------+--------------+
; Top            ; 00:00:00     ;
+----------------+--------------+


+-------------------------------+
; Analysis & Synthesis Messages ;
+-------------------------------+
Info: *******************************************************************
Info: Running Quartus II 64-Bit Analysis & Synthesis
    Info: Version 14.1.0 Build 186 12/03/2014 SJ Web Edition
    Info: Processing started: Wed Jun 02 03:53:02 2021
Info: Command: quartus_map --read_settings_files=on --write_settings_files=off cpu -c cpu
Info (20034): Auto device selection is not supported for Cyclone V device family. The default device, 5CGXFC7C7F23C8, is set.
Info (11104): Parallel Compilation has detected 8 hyper-threaded processors. However, the extra hyper-threaded processors will not be used by default. Parallel Compilation will use 4 of the 4 physical processors detected instead.
Info (12021): Found 1 design units, including 1 entities, in source file alu.v
    Info (12023): Found entity 1: alu
Info (12021): Found 1 design units, including 1 entities, in source file control.v
    Info (12023): Found entity 1: control
Info (12021): Found 1 design units, including 1 entities, in source file ir.v
    Info (12023): Found entity 1: ir
Info (12021): Found 1 design units, including 1 entities, in source file memory.v
    Info (12023): Found entity 1: memory
Info (12021): Found 1 design units, including 1 entities, in source file pc.v
    Info (12023): Found entity 1: pc
Info (12021): Found 1 design units, including 1 entities, in source file psr.v
    Info (12023): Found entity 1: psr
Info (12021): Found 1 design units, including 1 entities, in source file register.v
    Info (12023): Found entity 1: register
Info (12021): Found 1 design units, including 1 entities, in source file cpu.v
    Info (12023): Found entity 1: cpu
Warning (10236): Verilog HDL Implicit Net warning at cpu.v(3): created implicit net for "c"
Warning (10236): Verilog HDL Implicit Net warning at cpu.v(3): created implicit net for "e"
Warning (10236): Verilog HDL Implicit Net warning at cpu.v(3): created implicit net for "p"
Warning (10236): Verilog HDL Implicit Net warning at cpu.v(3): created implicit net for "z"
Warning (10236): Verilog HDL Implicit Net warning at cpu.v(3): created implicit net for "n"
Warning (10236): Verilog HDL Implicit Net warning at cpu.v(3): created implicit net for "pc_dataout"
Warning (10236): Verilog HDL Implicit Net warning at cpu.v(3): created implicit net for "op"
Warning (10236): Verilog HDL Implicit Net warning at cpu.v(3): created implicit net for "cc"
Warning (10236): Verilog HDL Implicit Net warning at cpu.v(3): created implicit net for "s_a"
Warning (10236): Verilog HDL Implicit Net warning at cpu.v(3): created implicit net for "de_a"
Warning (10236): Verilog HDL Implicit Net warning at cpu.v(3): created implicit net for "rf_data1"
Warning (10236): Verilog HDL Implicit Net warning at cpu.v(3): created implicit net for "rf_data2"
Warning (10236): Verilog HDL Implicit Net warning at cpu.v(3): created implicit net for "alu_result"
Warning (10236): Verilog HDL Implicit Net warning at cpu.v(4): created implicit net for "m_data"
Warning (10236): Verilog HDL Implicit Net warning at cpu.v(5): created implicit net for "pc_cmd"
Warning (10236): Verilog HDL Implicit Net warning at cpu.v(5): created implicit net for "ir_cmd"
Warning (10236): Verilog HDL Implicit Net warning at cpu.v(5): created implicit net for "rf_write"
Warning (10236): Verilog HDL Implicit Net warning at cpu.v(5): created implicit net for "psr_cmd"
Warning (10236): Verilog HDL Implicit Net warning at cpu.v(5): created implicit net for "m_rw_"
Warning (10236): Verilog HDL Implicit Net warning at cpu.v(5): created implicit net for "pc_datain"
Warning (10236): Verilog HDL Implicit Net warning at cpu.v(5): created implicit net for "ir_datain"
Warning (10236): Verilog HDL Implicit Net warning at cpu.v(5): created implicit net for "rf_dataw"
Warning (10236): Verilog HDL Implicit Net warning at cpu.v(5): created implicit net for "rf_addrw"
Warning (10236): Verilog HDL Implicit Net warning at cpu.v(5): created implicit net for "rf_addr1"
Warning (10236): Verilog HDL Implicit Net warning at cpu.v(5): created implicit net for "rf_addr2"
Warning (10236): Verilog HDL Implicit Net warning at cpu.v(5): created implicit net for "alu_src1"
Warning (10236): Verilog HDL Implicit Net warning at cpu.v(5): created implicit net for "alu_src2"
Warning (10236): Verilog HDL Implicit Net warning at cpu.v(6): created implicit net for "alu_function"
Warning (10236): Verilog HDL Implicit Net warning at cpu.v(6): created implicit net for "psr_datain"
Warning (10236): Verilog HDL Implicit Net warning at cpu.v(7): created implicit net for "m_addr"
Warning (10236): Verilog HDL Implicit Net warning at cpu.v(13): created implicit net for "psr_dataout"
Info (12127): Elaborating entity "cpu" for the top level hierarchy
Info (12128): Elaborating entity "control" for hierarchy "control:c1"
Warning (10230): Verilog HDL assignment warning at control.v(39): truncated value with size 32 to match size of target (3)
Warning (10230): Verilog HDL assignment warning at control.v(48): truncated value with size 32 to match size of target (12)
Warning (10230): Verilog HDL assignment warning at control.v(49): truncated value with size 32 to match size of target (12)
Warning (10230): Verilog HDL assignment warning at control.v(94): truncated value with size 33 to match size of target (32)
Warning (10270): Verilog HDL Case Statement warning at control.v(44): incomplete case statement has no default case item
Warning (10240): Verilog HDL Always Construct warning at control.v(44): inferring latch(es) for variable "pc_cmd", which holds its previous value in one or more paths through the always construct
Warning (10240): Verilog HDL Always Construct warning at control.v(44): inferring latch(es) for variable "m_rw_", which holds its previous value in one or more paths through the always construct
Warning (10240): Verilog HDL Always Construct warning at control.v(44): inferring latch(es) for variable "ir_cmd", which holds its previous value in one or more paths through the always construct
Warning (10240): Verilog HDL Always Construct warning at control.v(44): inferring latch(es) for variable "psr_datain", which holds its previous value in one or more paths through the always construct
Warning (10240): Verilog HDL Always Construct warning at control.v(44): inferring latch(es) for variable "psr_cmd", which holds its previous value in one or more paths through the always construct
Warning (10240): Verilog HDL Always Construct warning at control.v(44): inferring latch(es) for variable "rf_dataw", which holds its previous value in one or more paths through the always construct
Warning (10240): Verilog HDL Always Construct warning at control.v(44): inferring latch(es) for variable "rf_addrw", which holds its previous value in one or more paths through the always construct
Warning (10240): Verilog HDL Always Construct warning at control.v(44): inferring latch(es) for variable "rf_write", which holds its previous value in one or more paths through the always construct
Warning (10240): Verilog HDL Always Construct warning at control.v(44): inferring latch(es) for variable "m_addr", which holds its previous value in one or more paths through the always construct
Warning (10240): Verilog HDL Always Construct warning at control.v(44): inferring latch(es) for variable "MDR", which holds its previous value in one or more paths through the always construct
Warning (10240): Verilog HDL Always Construct warning at control.v(44): inferring latch(es) for variable "m_data", which holds its previous value in one or more paths through the always construct
Warning (10240): Verilog HDL Always Construct warning at control.v(44): inferring latch(es) for variable "pc_datain", which holds its previous value in one or more paths through the always construct
Warning (10240): Verilog HDL Always Construct warning at control.v(44): inferring latch(es) for variable "alu_function", which holds its previous value in one or more paths through the always construct
Warning (10240): Verilog HDL Always Construct warning at control.v(44): inferring latch(es) for variable "alu_src1", which holds its previous value in one or more paths through the always construct
Warning (10240): Verilog HDL Always Construct warning at control.v(44): inferring latch(es) for variable "rf_addr1", which holds its previous value in one or more paths through the always construct
Warning (10240): Verilog HDL Always Construct warning at control.v(44): inferring latch(es) for variable "alu_src2", which holds its previous value in one or more paths through the always construct
Warning (10240): Verilog HDL Always Construct warning at control.v(44): inferring latch(es) for variable "rf_addr2", which holds its previous value in one or more paths through the always construct
Warning (10240): Verilog HDL Always Construct warning at control.v(44): inferring latch(es) for variable "ir_datain", which holds its previous value in one or more paths through the always construct
Info (10041): Inferred latch for "ir_datain[0]" at control.v(44)
Info (10041): Inferred latch for "ir_datain[1]" at control.v(44)
Info (10041): Inferred latch for "ir_datain[2]" at control.v(44)
Info (10041): Inferred latch for "ir_datain[3]" at control.v(44)
Info (10041): Inferred latch for "ir_datain[4]" at control.v(44)
Info (10041): Inferred latch for "ir_datain[5]" at control.v(44)
Info (10041): Inferred latch for "ir_datain[6]" at control.v(44)
Info (10041): Inferred latch for "ir_datain[7]" at control.v(44)
Info (10041): Inferred latch for "ir_datain[8]" at control.v(44)
Info (10041): Inferred latch for "ir_datain[9]" at control.v(44)
Info (10041): Inferred latch for "ir_datain[10]" at control.v(44)
Info (10041): Inferred latch for "ir_datain[11]" at control.v(44)
Info (10041): Inferred latch for "rf_addr2[0]" at control.v(44)
Info (10041): Inferred latch for "rf_addr2[1]" at control.v(44)
Info (10041): Inferred latch for "rf_addr2[2]" at control.v(44)
Info (10041): Inferred latch for "rf_addr2[3]" at control.v(44)
Info (10041): Inferred latch for "rf_addr2[4]" at control.v(44)
Info (10041): Inferred latch for "rf_addr2[5]" at control.v(44)
Info (10041): Inferred latch for "rf_addr2[6]" at control.v(44)
Info (10041): Inferred latch for "rf_addr2[7]" at control.v(44)
Info (10041): Inferred latch for "rf_addr2[8]" at control.v(44)
Info (10041): Inferred latch for "rf_addr2[9]" at control.v(44)
Info (10041): Inferred latch for "rf_addr2[10]" at control.v(44)
Info (10041): Inferred latch for "rf_addr2[11]" at control.v(44)
Info (10041): Inferred latch for "alu_src2[0]" at control.v(44)
Info (10041): Inferred latch for "alu_src2[1]" at control.v(44)
Info (10041): Inferred latch for "alu_src2[2]" at control.v(44)
Info (10041): Inferred latch for "alu_src2[3]" at control.v(44)
Info (10041): Inferred latch for "alu_src2[4]" at control.v(44)
Info (10041): Inferred latch for "alu_src2[5]" at control.v(44)
Info (10041): Inferred latch for "alu_src2[6]" at control.v(44)
Info (10041): Inferred latch for "alu_src2[7]" at control.v(44)
Info (10041): Inferred latch for "alu_src2[8]" at control.v(44)
Info (10041): Inferred latch for "alu_src2[9]" at control.v(44)
Info (10041): Inferred latch for "alu_src2[10]" at control.v(44)
Info (10041): Inferred latch for "alu_src2[11]" at control.v(44)
Info (10041): Inferred latch for "alu_src2[12]" at control.v(44)
Info (10041): Inferred latch for "alu_src2[13]" at control.v(44)
Info (10041): Inferred latch for "alu_src2[14]" at control.v(44)
Info (10041): Inferred latch for "alu_src2[15]" at control.v(44)
Info (10041): Inferred latch for "alu_src2[16]" at control.v(44)
Info (10041): Inferred latch for "alu_src2[17]" at control.v(44)
Info (10041): Inferred latch for "alu_src2[18]" at control.v(44)
Info (10041): Inferred latch for "alu_src2[19]" at control.v(44)
Info (10041): Inferred latch for "alu_src2[20]" at control.v(44)
Info (10041): Inferred latch for "alu_src2[21]" at control.v(44)
Info (10041): Inferred latch for "alu_src2[22]" at control.v(44)
Info (10041): Inferred latch for "alu_src2[23]" at control.v(44)
Info (10041): Inferred latch for "alu_src2[24]" at control.v(44)
Info (10041): Inferred latch for "alu_src2[25]" at control.v(44)
Info (10041): Inferred latch for "alu_src2[26]" at control.v(44)
Info (10041): Inferred latch for "alu_src2[27]" at control.v(44)
Info (10041): Inferred latch for "alu_src2[28]" at control.v(44)
Info (10041): Inferred latch for "alu_src2[29]" at control.v(44)
Info (10041): Inferred latch for "alu_src2[30]" at control.v(44)
Info (10041): Inferred latch for "alu_src2[31]" at control.v(44)
Info (10041): Inferred latch for "rf_addr1[0]" at control.v(44)
Info (10041): Inferred latch for "rf_addr1[1]" at control.v(44)
Info (10041): Inferred latch for "rf_addr1[2]" at control.v(44)
Info (10041): Inferred latch for "rf_addr1[3]" at control.v(44)
Info (10041): Inferred latch for "rf_addr1[4]" at control.v(44)
Info (10041): Inferred latch for "rf_addr1[5]" at control.v(44)
Info (10041): Inferred latch for "rf_addr1[6]" at control.v(44)
Info (10041): Inferred latch for "rf_addr1[7]" at control.v(44)
Info (10041): Inferred latch for "rf_addr1[8]" at control.v(44)
Info (10041): Inferred latch for "rf_addr1[9]" at control.v(44)
Info (10041): Inferred latch for "rf_addr1[10]" at control.v(44)
Info (10041): Inferred latch for "rf_addr1[11]" at control.v(44)
Info (10041): Inferred latch for "alu_src1[0]" at control.v(44)
Info (10041): Inferred latch for "alu_src1[1]" at control.v(44)
Info (10041): Inferred latch for "alu_src1[2]" at control.v(44)
Info (10041): Inferred latch for "alu_src1[3]" at control.v(44)
Info (10041): Inferred latch for "alu_src1[4]" at control.v(44)
Info (10041): Inferred latch for "alu_src1[5]" at control.v(44)
Info (10041): Inferred latch for "alu_src1[6]" at control.v(44)
Info (10041): Inferred latch for "alu_src1[7]" at control.v(44)
Info (10041): Inferred latch for "alu_src1[8]" at control.v(44)
Info (10041): Inferred latch for "alu_src1[9]" at control.v(44)
Info (10041): Inferred latch for "alu_src1[10]" at control.v(44)
Info (10041): Inferred latch for "alu_src1[11]" at control.v(44)
Info (10041): Inferred latch for "alu_src1[12]" at control.v(44)
Info (10041): Inferred latch for "alu_src1[13]" at control.v(44)
Info (10041): Inferred latch for "alu_src1[14]" at control.v(44)
Info (10041): Inferred latch for "alu_src1[15]" at control.v(44)
Info (10041): Inferred latch for "alu_src1[16]" at control.v(44)
Info (10041): Inferred latch for "alu_src1[17]" at control.v(44)
Info (10041): Inferred latch for "alu_src1[18]" at control.v(44)
Info (10041): Inferred latch for "alu_src1[19]" at control.v(44)
Info (10041): Inferred latch for "alu_src1[20]" at control.v(44)
Info (10041): Inferred latch for "alu_src1[21]" at control.v(44)
Info (10041): Inferred latch for "alu_src1[22]" at control.v(44)
Info (10041): Inferred latch for "alu_src1[23]" at control.v(44)
Info (10041): Inferred latch for "alu_src1[24]" at control.v(44)
Info (10041): Inferred latch for "alu_src1[25]" at control.v(44)
Info (10041): Inferred latch for "alu_src1[26]" at control.v(44)
Info (10041): Inferred latch for "alu_src1[27]" at control.v(44)
Info (10041): Inferred latch for "alu_src1[28]" at control.v(44)
Info (10041): Inferred latch for "alu_src1[29]" at control.v(44)
Info (10041): Inferred latch for "alu_src1[30]" at control.v(44)
Info (10041): Inferred latch for "alu_src1[31]" at control.v(44)
Info (10041): Inferred latch for "alu_function[0]" at control.v(44)
Info (10041): Inferred latch for "alu_function[1]" at control.v(44)
Info (10041): Inferred latch for "alu_function[2]" at control.v(44)
Info (10041): Inferred latch for "alu_function[3]" at control.v(44)
Info (10041): Inferred latch for "pc_datain[0]" at control.v(44)
Info (10041): Inferred latch for "pc_datain[1]" at control.v(44)
Info (10041): Inferred latch for "pc_datain[2]" at control.v(44)
Info (10041): Inferred latch for "pc_datain[3]" at control.v(44)
Info (10041): Inferred latch for "pc_datain[4]" at control.v(44)
Info (10041): Inferred latch for "pc_datain[5]" at control.v(44)
Info (10041): Inferred latch for "pc_datain[6]" at control.v(44)
Info (10041): Inferred latch for "pc_datain[7]" at control.v(44)
Info (10041): Inferred latch for "pc_datain[8]" at control.v(44)
Info (10041): Inferred latch for "pc_datain[9]" at control.v(44)
Info (10041): Inferred latch for "pc_datain[10]" at control.v(44)
Info (10041): Inferred latch for "pc_datain[11]" at control.v(44)
Info (10041): Inferred latch for "m_data[0]" at control.v(44)
Info (10041): Inferred latch for "m_data[1]" at control.v(44)
Info (10041): Inferred latch for "m_data[2]" at control.v(44)
Info (10041): Inferred latch for "m_data[3]" at control.v(44)
Info (10041): Inferred latch for "m_data[4]" at control.v(44)
Info (10041): Inferred latch for "m_data[5]" at control.v(44)
Info (10041): Inferred latch for "m_data[6]" at control.v(44)
Info (10041): Inferred latch for "m_data[7]" at control.v(44)
Info (10041): Inferred latch for "m_data[8]" at control.v(44)
Info (10041): Inferred latch for "m_data[9]" at control.v(44)
Info (10041): Inferred latch for "m_data[10]" at control.v(44)
Info (10041): Inferred latch for "m_data[11]" at control.v(44)
Info (10041): Inferred latch for "m_data[12]" at control.v(44)
Info (10041): Inferred latch for "m_data[13]" at control.v(44)
Info (10041): Inferred latch for "m_data[14]" at control.v(44)
Info (10041): Inferred latch for "m_data[15]" at control.v(44)
Info (10041): Inferred latch for "m_data[16]" at control.v(44)
Info (10041): Inferred latch for "m_data[17]" at control.v(44)
Info (10041): Inferred latch for "m_data[18]" at control.v(44)
Info (10041): Inferred latch for "m_data[19]" at control.v(44)
Info (10041): Inferred latch for "m_data[20]" at control.v(44)
Info (10041): Inferred latch for "m_data[21]" at control.v(44)
Info (10041): Inferred latch for "m_data[22]" at control.v(44)
Info (10041): Inferred latch for "m_data[23]" at control.v(44)
Info (10041): Inferred latch for "m_data[24]" at control.v(44)
Info (10041): Inferred latch for "m_data[25]" at control.v(44)
Info (10041): Inferred latch for "m_data[26]" at control.v(44)
Info (10041): Inferred latch for "m_data[27]" at control.v(44)
Info (10041): Inferred latch for "m_data[28]" at control.v(44)
Info (10041): Inferred latch for "m_data[29]" at control.v(44)
Info (10041): Inferred latch for "m_data[30]" at control.v(44)
Info (10041): Inferred latch for "m_data[31]" at control.v(44)
Info (10041): Inferred latch for "MDR[0]" at control.v(44)
Info (10041): Inferred latch for "MDR[1]" at control.v(44)
Info (10041): Inferred latch for "MDR[2]" at control.v(44)
Info (10041): Inferred latch for "MDR[3]" at control.v(44)
Info (10041): Inferred latch for "MDR[4]" at control.v(44)
Info (10041): Inferred latch for "MDR[5]" at control.v(44)
Info (10041): Inferred latch for "MDR[6]" at control.v(44)
Info (10041): Inferred latch for "MDR[7]" at control.v(44)
Info (10041): Inferred latch for "MDR[8]" at control.v(44)
Info (10041): Inferred latch for "MDR[9]" at control.v(44)
Info (10041): Inferred latch for "MDR[10]" at control.v(44)
Info (10041): Inferred latch for "MDR[11]" at control.v(44)
Info (10041): Inferred latch for "MDR[12]" at control.v(44)
Info (10041): Inferred latch for "MDR[13]" at control.v(44)
Info (10041): Inferred latch for "MDR[14]" at control.v(44)
Info (10041): Inferred latch for "MDR[15]" at control.v(44)
Info (10041): Inferred latch for "MDR[16]" at control.v(44)
Info (10041): Inferred latch for "MDR[17]" at control.v(44)
Info (10041): Inferred latch for "MDR[18]" at control.v(44)
Info (10041): Inferred latch for "MDR[19]" at control.v(44)
Info (10041): Inferred latch for "MDR[20]" at control.v(44)
Info (10041): Inferred latch for "MDR[21]" at control.v(44)
Info (10041): Inferred latch for "MDR[22]" at control.v(44)
Info (10041): Inferred latch for "MDR[23]" at control.v(44)
Info (10041): Inferred latch for "MDR[24]" at control.v(44)
Info (10041): Inferred latch for "MDR[25]" at control.v(44)
Info (10041): Inferred latch for "MDR[26]" at control.v(44)
Info (10041): Inferred latch for "MDR[27]" at control.v(44)
Info (10041): Inferred latch for "MDR[28]" at control.v(44)
Info (10041): Inferred latch for "MDR[29]" at control.v(44)
Info (10041): Inferred latch for "MDR[30]" at control.v(44)
Info (10041): Inferred latch for "MDR[31]" at control.v(44)
Info (10041): Inferred latch for "m_addr[0]" at control.v(44)
Info (10041): Inferred latch for "m_addr[1]" at control.v(44)
Info (10041): Inferred latch for "m_addr[2]" at control.v(44)
Info (10041): Inferred latch for "m_addr[3]" at control.v(44)
Info (10041): Inferred latch for "m_addr[4]" at control.v(44)
Info (10041): Inferred latch for "m_addr[5]" at control.v(44)
Info (10041): Inferred latch for "m_addr[6]" at control.v(44)
Info (10041): Inferred latch for "m_addr[7]" at control.v(44)
Info (10041): Inferred latch for "m_addr[8]" at control.v(44)
Info (10041): Inferred latch for "m_addr[9]" at control.v(44)
Info (10041): Inferred latch for "m_addr[10]" at control.v(44)
Info (10041): Inferred latch for "m_addr[11]" at control.v(44)
Info (10041): Inferred latch for "rf_write" at control.v(44)
Info (10041): Inferred latch for "rf_addrw[0]" at control.v(44)
Info (10041): Inferred latch for "rf_addrw[1]" at control.v(44)
Info (10041): Inferred latch for "rf_addrw[2]" at control.v(44)
Info (10041): Inferred latch for "rf_addrw[3]" at control.v(44)
Info (10041): Inferred latch for "rf_addrw[4]" at control.v(44)
Info (10041): Inferred latch for "rf_addrw[5]" at control.v(44)
Info (10041): Inferred latch for "rf_addrw[6]" at control.v(44)
Info (10041): Inferred latch for "rf_addrw[7]" at control.v(44)
Info (10041): Inferred latch for "rf_addrw[8]" at control.v(44)
Info (10041): Inferred latch for "rf_addrw[9]" at control.v(44)
Info (10041): Inferred latch for "rf_addrw[10]" at control.v(44)
Info (10041): Inferred latch for "rf_addrw[11]" at control.v(44)
Info (10041): Inferred latch for "rf_dataw[0]" at control.v(44)
Info (10041): Inferred latch for "rf_dataw[1]" at control.v(44)
Info (10041): Inferred latch for "rf_dataw[2]" at control.v(44)
Info (10041): Inferred latch for "rf_dataw[3]" at control.v(44)
Info (10041): Inferred latch for "rf_dataw[4]" at control.v(44)
Info (10041): Inferred latch for "rf_dataw[5]" at control.v(44)
Info (10041): Inferred latch for "rf_dataw[6]" at control.v(44)
Info (10041): Inferred latch for "rf_dataw[7]" at control.v(44)
Info (10041): Inferred latch for "rf_dataw[8]" at control.v(44)
Info (10041): Inferred latch for "rf_dataw[9]" at control.v(44)
Info (10041): Inferred latch for "rf_dataw[10]" at control.v(44)
Info (10041): Inferred latch for "rf_dataw[11]" at control.v(44)
Info (10041): Inferred latch for "rf_dataw[12]" at control.v(44)
Info (10041): Inferred latch for "rf_dataw[13]" at control.v(44)
Info (10041): Inferred latch for "rf_dataw[14]" at control.v(44)
Info (10041): Inferred latch for "rf_dataw[15]" at control.v(44)
Info (10041): Inferred latch for "rf_dataw[16]" at control.v(44)
Info (10041): Inferred latch for "rf_dataw[17]" at control.v(44)
Info (10041): Inferred latch for "rf_dataw[18]" at control.v(44)
Info (10041): Inferred latch for "rf_dataw[19]" at control.v(44)
Info (10041): Inferred latch for "rf_dataw[20]" at control.v(44)
Info (10041): Inferred latch for "rf_dataw[21]" at control.v(44)
Info (10041): Inferred latch for "rf_dataw[22]" at control.v(44)
Info (10041): Inferred latch for "rf_dataw[23]" at control.v(44)
Info (10041): Inferred latch for "rf_dataw[24]" at control.v(44)
Info (10041): Inferred latch for "rf_dataw[25]" at control.v(44)
Info (10041): Inferred latch for "rf_dataw[26]" at control.v(44)
Info (10041): Inferred latch for "rf_dataw[27]" at control.v(44)
Info (10041): Inferred latch for "rf_dataw[28]" at control.v(44)
Info (10041): Inferred latch for "rf_dataw[29]" at control.v(44)
Info (10041): Inferred latch for "rf_dataw[30]" at control.v(44)
Info (10041): Inferred latch for "rf_dataw[31]" at control.v(44)
Info (10041): Inferred latch for "psr_cmd" at control.v(44)
Info (10041): Inferred latch for "psr_datain[0]" at control.v(44)
Info (10041): Inferred latch for "psr_datain[1]" at control.v(44)
Info (10041): Inferred latch for "psr_datain[2]" at control.v(44)
Info (10041): Inferred latch for "psr_datain[3]" at control.v(44)
Info (10041): Inferred latch for "psr_datain[4]" at control.v(44)
Info (10041): Inferred latch for "ir_cmd" at control.v(44)
Info (10041): Inferred latch for "m_rw_" at control.v(44)
Info (10041): Inferred latch for "pc_cmd" at control.v(44)
Info (12128): Elaborating entity "pc" for hierarchy "pc:p1"
Info (12128): Elaborating entity "memory" for hierarchy "memory:m1"
Info (12128): Elaborating entity "ir" for hierarchy "ir:i1"
Info (12128): Elaborating entity "register" for hierarchy "register:r1"
Info (12128): Elaborating entity "alu" for hierarchy "alu:a1"
Warning (10230): Verilog HDL assignment warning at alu.v(27): truncated value with size 33 to match size of target (1)
Info (12128): Elaborating entity "psr" for hierarchy "psr:s1"
Warning (12241): 7 hierarchies have connectivity warnings - see the Connectivity Checks report folder
Info (16010): Generating hard_block partition "hard_block:auto_generated_inst"
    Info (16011): Adding 0 node(s), including 0 DDIO, 0 PLL, 0 transceiver and 0 LCELL
Warning (21074): Design contains 2 input pin(s) that do not drive logic
    Warning (15610): No output dependent on input pin "clock"
    Warning (15610): No output dependent on input pin "reset"
Info (21057): Implemented 2 device resources after synthesis - the final resource count might be different
    Info (21058): Implemented 2 input pins
    Info (21059): Implemented 0 output pins
Info: Quartus II 64-Bit Analysis & Synthesis was successful. 0 errors, 59 warnings
    Info: Peak virtual memory: 4810 megabytes
    Info: Processing ended: Wed Jun 02 03:53:13 2021
    Info: Elapsed time: 00:00:11
    Info: Total CPU time (on all processors): 00:00:21


